TimeFrame: 2024-11-25 09:50:00+00:00
RSI值为 49.17
%B值为 0.65
TimeFrame: 2024-11-25 09:55:00+00:00
出现死叉信号，可能是卖出信号。
RSI值为 51.99
%B值为 0.46
TimeFrame: 2024-11-25 10:00:00+00:00
RSI值为 46.67
%B值为 0.33
TimeFrame: 2024-11-25 10:05:00+00:00
RSI值为 58.73
%B值为 0.50
TimeFrame: 2024-11-25 10:10:00+00:00
RSI值为 55.71
%B值为 0.42
TimeFrame: 2024-11-25 10:15:00+00:00
RSI值为 47.03
%B值为 0.36
TimeFrame: 2024-11-25 10:20:00+00:00
RSI值为 40.29
%B值为 0.46
TimeFrame: 2024-11-25 10:25:00+00:00
RSI值为 32.97
%B值为 0.45
TimeFrame: 2024-11-25 10:30:00+00:00
RSI值为 33.50
%B值为 0.34
TimeFrame: 2024-11-25 10:35:00+00:00
RSI值为 40.93
%B值为 0.38
TimeFrame: 2024-11-25 10:40:00+00:00
出现金叉信号，可能是买入机会。
RSI值为 42.53
%B值为 0.35
TimeFrame: 2024-11-25 10:45:00+00:00
RSI值为 35.20
%B值为 0.19
TimeFrame: 2024-11-25 10:50:00+00:00
RSI值为 35.83
%B值为 0.24
TimeFrame: 2024-11-25 10:55:00+00:00
RSI值为 33.76
%B值为 0.24
TimeFrame: 2024-11-25 11:00:00+00:00
RSI值为 35.42
%B值为 0.26
TimeFrame: 2024-11-25 11:05:00+00:00
RSI进入超卖区域，注意价格可能反弹。
RSI值为 23.37
%B值为 0.17
TimeFrame: 2024-11-25 11:10:00+00:00
RSI进入超卖区域，注意价格可能反弹。
RSI值为 23.43
%B值为 0.16
TimeFrame: 2024-11-25 11:15:00+00:00
RSI进入超卖区域，注意价格可能反弹。
RSI值为 17.97
%B值为 0.05
TimeFrame: 2024-11-25 11:20:00+00:00
RSI进入超卖区域，注意价格可能反弹。
RSI值为 18.25
价格低于布林带下轨，可能超卖。
%B值为 -0.01
TimeFrame: 2024-11-25 11:25:00+00:00
RSI进入超卖区域，注意价格可能反弹。
RSI值为 25.28
%B值为 0.00
TimeFrame: 2024-11-25 11:30:00+00:00
RSI值为 34.33
%B值为 0.17
TimeFrame: 2024-11-25 11:35:00+00:00
RSI值为 42.02
%B值为 0.42
TimeFrame: 2024-11-25 11:40:00+00:00
RSI值为 34.52
%B值为 0.31
TimeFrame: 2024-11-25 11:45:00+00:00
RSI进入超卖区域，注意价格可能反弹。
RSI值为 27.08
%B值为 0.15
TimeFrame: 2024-11-25 11:50:00+00:00
RSI值为 32.93
%B值为 0.04